<?xml version="1.0" encoding="UTF-8"?>
<Site BuildName="(empty)"
	BuildStamp="20260404-0808-Experimental"
	Name="(empty)"
	Generator="ctest-4.3.0"
	CompilerName=""
	CompilerVersion=""
	OSName="Windows"
	Hostname="Bankai"
	OSRelease="10.0.19045"
	OSVersion="Windows 10"
	OSPlatform="AMD64"
	Is64Bits="1"
	VendorString="AuthenticAMD"
	VendorID="Advanced Micro Devices"
	FamilyID="15"
	ModelID="0"
	ModelName="AMD Ryzen 7 4800H with Radeon Graphics"
	ProcessorCacheSize="64"
	NumberOfLogicalCPU="16"
	NumberOfPhysicalCPU="8"
	TotalVirtualMemory="7936"
	TotalPhysicalMemory="15791"
	LogicalProcessorsPerPhysical="2"
	ProcessorClockFrequency="2900.000000"
	>
	<Testing>
		<StartDateTime>Apr 04 13:54 India Standard Time</StartDateTime>
		<StartTestTime>1775291094</StartTestTime>
		<TestList/>
		<EndDateTime>Apr 04 13:54 India Standard Time</EndDateTime>
		<EndTestTime>1775291094</EndTestTime>
		<ElapsedMinutes>0</ElapsedMinutes>
	</Testing>
</Site>
